# JRE version: Java(TM) SE Runtime Environment (8.0_151-b12) (build 1.8.0_151-b12)
# Java VM: Java HotSpot(TM) 64-Bit Server VM (25.151-b12 mixed mode linux-amd64 compressed oops)
Heap:
 PSYoungGen      total 388608K, used 0K [0x00000000e0000000, 0x0000000100000000, 0x0000000100000000)
  eden space 323584K, 0% used [0x00000000e0000000,0x00000000e0000000,0x00000000f3c00000)
  from space 65024K, 0% used [0x00000000fc080000,0x00000000fc080000,0x0000000100000000)
  to   space 100352K, 0% used [0x00000000f3c00000,0x00000000f3c00000,0x00000000f9e00000)
 ParOldGen       total 477696K, used 408798K [0x00000000a0000000, 0x00000000bd280000, 0x00000000e0000000)
  object space 477696K, 85% used [0x00000000a0000000,0x00000000b8f37af8,0x00000000bd280000)
 Metaspace       used 88542K, capacity 92258K, committed 93144K, reserved 1130496K
  class space    used 11287K, capacity 12093K, committed 12288K, reserved 1048576K
GC Heap History (10 events):
Event: 279.643 GC heap after
Heap after GC invocations=44 (full 6):
 PSYoungGen      total 455680K, used 3073K [0x00000000e0000000, 0x00000000ffd80000, 0x0000000100000000)
  eden space 391680K, 0% used [0x00000000e0000000,0x00000000e0000000,0x00000000f7e80000)
  from space 64000K, 4% used [0x00000000fbf00000,0x00000000fc200538,0x00000000ffd80000)
  to   space 65024K, 0% used [0x00000000f7e80000,0x00000000f7e80000,0x00000000fbe00000)
 ParOldGen       total 477696K, used 372267K [0x00000000a0000000, 0x00000000bd280000, 0x00000000e0000000)
  object space 477696K, 77% used [0x00000000a0000000,0x00000000b6b8ac90,0x00000000bd280000)
 Metaspace       used 81895K, capacity 85416K, committed 85464K, reserved 1124352K
  class space    used 10740K, capacity 11479K, committed 11520K, reserved 1048576K
}
Event: 281.907 GC heap before
{Heap before GC invocations=45 (full 6):
 PSYoungGen      total 455680K, used 394753K [0x00000000e0000000, 0x00000000ffd80000, 0x0000000100000000)
  eden space 391680K, 100% used [0x00000000e0000000,0x00000000f7e80000,0x00000000f7e80000)
  from space 64000K, 4% used [0x00000000fbf00000,0x00000000fc200538,0x00000000ffd80000)
  to   space 65024K, 0% used [0x00000000f7e80000,0x00000000f7e80000,0x00000000fbe00000)
 ParOldGen       total 477696K, used 372267K [0x00000000a0000000, 0x00000000bd280000, 0x00000000e0000000)
  object space 477696K, 77% used [0x00000000a0000000,0x00000000b6b8ac90,0x00000000bd280000)
 Metaspace       used 81901K, capacity 85480K, committed 85720K, reserved 1124352K
  class space    used 10740K, capacity 11479K, committed 11520K, reserved 1048576K
Event: 281.921 GC heap after
Heap after GC invocations=45 (full 6):
 PSYoungGen      total 456704K, used 3504K [0x00000000e0000000, 0x00000000ffe00000, 0x0000000100000000)
  eden space 391680K, 0% used [0x00000000e0000000,0x00000000e0000000,0x00000000f7e80000)
  from space 65024K, 5% used [0x00000000f7e80000,0x00000000f81ec3d0,0x00000000fbe00000)
  to   space 63488K, 0% used [0x00000000fc000000,0x00000000fc000000,0x00000000ffe00000)
 ParOldGen       total 477696K, used 374613K [0x00000000a0000000, 0x00000000bd280000, 0x00000000e0000000)
  object space 477696K, 78% used [0x00000000a0000000,0x00000000b6dd5570,0x00000000bd280000)
 Metaspace       used 81901K, capacity 85480K, committed 85720K, reserved 1124352K
  class space    used 10740K, capacity 11479K, committed 11520K, reserved 1048576K
}
Event: 284.044 GC heap before
{Heap before GC invocations=46 (full 6):
 PSYoungGen      total 456704K, used 395184K [0x00000000e0000000, 0x00000000ffe00000, 0x0000000100000000)
  eden space 391680K, 100% used [0x00000000e0000000,0x00000000f7e80000,0x00000000f7e80000)
  from space 65024K, 5% used [0x00000000f7e80000,0x00000000f81ec3d0,0x00000000fbe00000)
  to   space 63488K, 0% used [0x00000000fc000000,0x00000000fc000000,0x00000000ffe00000)
 ParOldGen       total 477696K, used 374613K [0x00000000a0000000, 0x00000000bd280000, 0x00000000e0000000)
  object space 477696K, 78% used [0x00000000a0000000,0x00000000b6dd5570,0x00000000bd280000)
 Metaspace       used 81906K, capacity 85480K, committed 85720K, reserved 1124352K
  class space    used 10740K, capacity 11479K, committed 11520K, reserved 1048576K
Event: 284.058 GC heap after
Heap after GC invocations=46 (full 6):
 PSYoungGen      total 455680K, used 7273K [0x00000000e0000000, 0x00000000ffa80000, 0x0000000100000000)
  eden space 395776K, 0% used [0x00000000e0000000,0x00000000e0000000,0x00000000f8280000)
  from space 59904K, 12% used [0x00000000fc000000,0x00000000fc71a620,0x00000000ffa80000)
  to   space 61440K, 0% used [0x00000000f8280000,0x00000000f8280000,0x00000000fbe80000)
 ParOldGen       total 477696K, used 374613K [0x00000000a0000000, 0x00000000bd280000, 0x00000000e0000000)
  object space 477696K, 78% used [0x00000000a0000000,0x00000000b6dd5570,0x00000000bd280000)
 Metaspace       used 81906K, capacity 85480K, committed 85720K, reserved 1124352K
  class space    used 10740K, capacity 11479K, committed 11520K, reserved 1048576K
}
Event: 306.066 GC heap before
{Heap before GC invocations=47 (full 6):
 PSYoungGen      total 455680K, used 403049K [0x00000000e0000000, 0x00000000ffa80000, 0x0000000100000000)
  eden space 395776K, 100% used [0x00000000e0000000,0x00000000f8280000,0x00000000f8280000)
  from space 59904K, 12% used [0x00000000fc000000,0x00000000fc71a620,0x00000000ffa80000)
  to   space 61440K, 0% used [0x00000000f8280000,0x00000000f8280000,0x00000000fbe80000)
 ParOldGen       total 477696K, used 374613K [0x00000000a0000000, 0x00000000bd280000, 0x00000000e0000000)
  object space 477696K, 78% used [0x00000000a0000000,0x00000000b6dd5570,0x00000000bd280000)
 Metaspace       used 88712K, capacity 92430K, committed 92504K, reserved 1130496K
  class space    used 11303K, capacity 12133K, committed 12160K, reserved 1048576K
Event: 306.134 GC heap after
Heap after GC invocations=47 (full 6):
 PSYoungGen      total 457216K, used 39099K [0x00000000e0000000, 0x0000000100000000, 0x0000000100000000)
  eden space 395776K, 0% used [0x00000000e0000000,0x00000000e0000000,0x00000000f8280000)
  from space 61440K, 63% used [0x00000000f8280000,0x00000000fa8aec88,0x00000000fbe80000)
  to   space 65024K, 0% used [0x00000000fc080000,0x00000000fc080000,0x0000000100000000)
 ParOldGen       total 477696K, used 374621K [0x00000000a0000000, 0x00000000bd280000, 0x00000000e0000000)
  object space 477696K, 78% used [0x00000000a0000000,0x00000000b6dd7570,0x00000000bd280000)
 Metaspace       used 88712K, capacity 92430K, committed 92504K, reserved 1130496K
  class space    used 11303K, capacity 12133K, committed 12160K, reserved 1048576K
}
Event: 312.532 GC heap before
{Heap before GC invocations=48 (full 6):
 PSYoungGen      total 457216K, used 434875K [0x00000000e0000000, 0x0000000100000000, 0x0000000100000000)
  eden space 395776K, 100% used [0x00000000e0000000,0x00000000f8280000,0x00000000f8280000)
  from space 61440K, 63% used [0x00000000f8280000,0x00000000fa8aec88,0x00000000fbe80000)
  to   space 65024K, 0% used [0x00000000fc080000,0x00000000fc080000,0x0000000100000000)
 ParOldGen       total 477696K, used 374621K [0x00000000a0000000, 0x00000000bd280000, 0x00000000e0000000)
  object space 477696K, 78% used [0x00000000a0000000,0x00000000b6dd7570,0x00000000bd280000)
 Metaspace       used 89113K, capacity 92846K, committed 93144K, reserved 1130496K
  class space    used 11351K, capacity 12165K, committed 12288K, reserved 1048576K
Event: 312.880 GC heap after
Heap after GC invocations=48 (full 6):
 PSYoungGen      total 388608K, used 64992K [0x00000000e0000000, 0x0000000100000000, 0x0000000100000000)
  eden space 323584K, 0% used [0x00000000e0000000,0x00000000e0000000,0x00000000f3c00000)
  from space 65024K, 99% used [0x00000000fc080000,0x00000000ffff8060,0x0000000100000000)
  to   space 100352K, 0% used [0x00000000f3c00000,0x00000000f3c00000,0x00000000f9e00000)
 ParOldGen       total 477696K, used 437432K [0x00000000a0000000, 0x00000000bd280000, 0x00000000e0000000)
  object space 477696K, 91% used [0x00000000a0000000,0x00000000bab2e358,0x00000000bd280000)
 Metaspace       used 89113K, capacity 92846K, committed 93144K, reserved 1130496K
  class space    used 11351K, capacity 12165K, committed 12288K, reserved 1048576K
}
Event: 312.903 GC heap before
{Heap before GC invocations=49 (full 7):
 PSYoungGen      total 388608K, used 64992K [0x00000000e0000000, 0x0000000100000000, 0x0000000100000000)
  eden space 323584K, 0% used [0x00000000e0000000,0x00000000e0000000,0x00000000f3c00000)
  from space 65024K, 99% used [0x00000000fc080000,0x00000000ffff8060,0x0000000100000000)
  to   space 100352K, 0% used [0x00000000f3c00000,0x00000000f3c00000,0x00000000f9e00000)
 ParOldGen       total 477696K, used 437432K [0x00000000a0000000, 0x00000000bd280000, 0x00000000e0000000)
  object space 477696K, 91% used [0x00000000a0000000,0x00000000bab2e358,0x00000000bd280000)
 Metaspace       used 89113K, capacity 92846K, committed 93144K, reserved 1130496K
  class space    used 11351K, capacity 12165K, committed 12288K, reserved 1048576K

